2024-05-27 16:04:20,291 - pyswarms.single.global_best - INFO - Optimize for 1000 iters with {'c1': 0.5, 'c2': 0.3, 'w': 0.9}
2024-05-27 16:04:36,555 - pyswarms.single.global_best - INFO - Optimize for 1000 iters with {'c1': 0.5, 'c2': 0.3, 'w': 0.9}
2024-05-27 16:08:22,211 - pyswarms.single.global_best - INFO - Optimize for 1000 iters with {'c1': 0.5, 'c2': 0.3, 'w': 0.9}
2024-05-27 16:11:13,950 - pyswarms.single.global_best - INFO - Optimize for 100 iters with {'c1': 0.5, 'c2': 0.3, 'w': 0.9}
2024-05-27 16:12:48,407 - pyswarms.single.global_best - INFO - Optimize for 1000 iters with {'c1': 0.5, 'c2': 0.3, 'w': 0.9}
2024-05-27 16:13:14,371 - pyswarms.single.global_best - INFO - Optimize for 1000 iters with {'c1': 0.5, 'c2': 0.3, 'w': 0.9}
2024-05-27 16:16:11,468 - pyswarms.single.global_best - INFO - Optimize for 1000 iters with {'c1': 0.5, 'c2': 0.3, 'w': 0.9}
2024-05-27 16:16:55,196 - pyswarms.single.global_best - INFO - Optimize for 1000 iters with {'c1': 0.5, 'c2': 0.3, 'w': 0.9}
2024-05-27 16:23:06,830 - pyswarms.single.global_best - INFO - Optimize for 1000 iters with {'c1': 0.5, 'c2': 0.3, 'w': 0.9}
2024-05-27 16:23:07,890 - pyswarms.single.global_best - INFO - Optimization finished | best cost: -0.0, best pos: [500.53991094 642.10794521 540.71431231 534.85659468 509.57819861
 111.0399543  126.67014697 109.90641433   3.93446775 148.65007054]
2024-05-27 16:24:45,814 - pyswarms.single.global_best - INFO - Optimize for 1000 iters with {'c1': 0.5, 'c2': 0.3, 'w': 0.9}
2024-05-27 16:24:46,845 - pyswarms.single.global_best - INFO - Optimization finished | best cost: -0.0, best pos: [622.44680531 545.30650653 609.52106233 526.89136812 627.36727255
 107.56097015 154.14955278 128.23479397 175.87302527  61.09034138]
2024-05-27 16:25:04,693 - pyswarms.single.global_best - INFO - Optimize for 1000 iters with {'c1': 0.5, 'c2': 0.3, 'w': 0.9}
2024-05-27 16:25:05,690 - pyswarms.single.global_best - INFO - Optimization finished | best cost: -0.0, best pos: [635.01644548 524.66036424 588.12760732 597.28160922 527.17144803
 100.31400328  51.68959883 132.74775073 148.44391312  19.12247951]
2024-05-27 16:26:40,223 - pyswarms.single.global_best - INFO - Optimize for 1000 iters with {'c1': 0.5, 'c2': 0.3, 'w': 0.9}
2024-05-27 16:26:41,205 - pyswarms.single.global_best - INFO - Optimization finished | best cost: -0.0, best pos: [508.01257965 533.77757569 516.71086586 532.10325269 532.14651392
 132.00844026   7.29750742  70.70950291  14.28515863 147.23119584]
2024-05-27 16:29:56,951 - pyswarms.single.global_best - INFO - Optimize for 1000 iters with {'c1': 0.5, 'c2': 0.3, 'w': 0.9}
2024-05-27 16:29:57,928 - pyswarms.single.global_best - INFO - Optimization finished | best cost: -0.0, best pos: [560.73494862 622.09620583 613.10412202 510.72650907 502.96456996
 141.27425295 117.89225669  96.87708949  22.7455524   90.12206498]
2024-05-27 16:39:13,520 - pyswarms.single.global_best - INFO - Optimize for 1000 iters with {'c1': 0.5, 'c2': 0.3, 'w': 0.9}
2024-05-27 16:39:14,556 - pyswarms.single.global_best - INFO - Optimization finished | best cost: -0.0, best pos: [605.42822051 620.28923604 539.20119387 540.5198408  530.46026259
 175.16252564  32.9935217   72.58130662 145.02275001 113.60827133]
2024-05-27 16:40:09,537 - pyswarms.single.global_best - INFO - Optimize for 1000 iters with {'c1': 0.5, 'c2': 0.3, 'w': 0.9}
2024-05-27 16:40:10,521 - pyswarms.single.global_best - INFO - Optimization finished | best cost: -0.0, best pos: [520.12477118 591.05943554 530.63637507 551.46645792 608.06389504
  82.09941908 143.14346296  32.7069572    7.37825101  63.99248898]
2024-05-27 16:41:36,085 - pyswarms.single.global_best - INFO - Optimize for 1000 iters with {'c1': 0.5, 'c2': 0.3, 'w': 0.9}
2024-05-27 16:41:36,715 - pyswarms.single.global_best - INFO - Optimization finished | best cost: -0.0, best pos: [530.92817422 523.96445414 528.13424684 621.80080938 618.43259409
  86.26810745  36.15445142 112.49840598 170.90824756  64.63477507]
2024-05-27 16:41:59,056 - pyswarms.single.global_best - INFO - Optimize for 1000 iters with {'c1': 0.5, 'c2': 0.3, 'w': 0.9}
2024-05-27 16:41:59,644 - pyswarms.single.global_best - INFO - Optimization finished | best cost: -0.0, best pos: [553.21936463 560.17501429 570.86100602 635.76989965 588.3634974
 179.92550185 120.2756608  177.44357664  86.47045909 154.36037746]
2024-05-27 16:42:24,148 - pyswarms.single.global_best - INFO - Optimize for 1000 iters with {'c1': 0.5, 'c2': 0.3, 'w': 0.9}
2024-05-27 16:42:24,784 - pyswarms.single.global_best - INFO - Optimization finished | best cost: -0.0, best pos: [585.29875537 535.25947858 606.36311167 515.44585294 629.03436753
  79.4175084  168.8083621   77.52492645  37.69202311  59.45255146]
2024-05-27 16:42:35,486 - pyswarms.single.global_best - INFO - Optimize for 1000 iters with {'c1': 0.5, 'c2': 0.3, 'w': 0.9}
2024-05-27 16:42:36,091 - pyswarms.single.global_best - INFO - Optimization finished | best cost: -0.0, best pos: [558.1912566  603.28563954 613.2664549  556.60110685 646.22529556
  12.28182499  13.62202377  71.92016173 106.48667263  58.19603344]
2024-05-27 16:43:25,386 - pyswarms.single.global_best - INFO - Optimize for 1000 iters with {'c1': 0.5, 'c2': 0.3, 'w': 0.9}
2024-05-27 16:43:26,009 - pyswarms.single.global_best - INFO - Optimization finished | best cost: -0.0, best pos: [547.57191179 507.23271433 588.72639869 582.10709723 585.87516361
 154.69869823 122.45614166 104.54841304 160.99012618 170.28223982]
2024-05-27 17:16:27,276 - pyswarms.single.global_best - INFO - Optimize for 1000 iters with {'c1': 0.5, 'c2': 0.3, 'w': 0.9}
2024-05-27 17:16:27,920 - pyswarms.single.global_best - INFO - Optimization finished | best cost: -0.0, best pos: [580.73752316 569.26322385 636.36787913 605.908509   559.79230469
  85.83741233  60.03992113  56.54914777 136.88906906  85.2060569 ]
2024-05-27 17:18:01,319 - pyswarms.single.global_best - INFO - Optimize for 1000 iters with {'c1': 0.5, 'c2': 0.3, 'w': 0.9}
2024-05-27 17:18:01,889 - pyswarms.single.global_best - INFO - Optimization finished | best cost: -0.0, best pos: [504.90233228 524.31970862 582.63394343 557.35036089 504.53143563
 162.83331553  60.6087779   24.07405537 154.14177499 166.17350452]
2024-05-27 17:18:21,925 - pyswarms.single.global_best - INFO - Optimize for 1000 iters with {'c1': 0.5, 'c2': 0.3, 'w': 0.9}
2024-05-27 17:18:22,484 - pyswarms.single.global_best - INFO - Optimization finished | best cost: -0.0, best pos: [551.70388131 621.72851704 561.45359947 587.02212635 577.57363511
  54.81444036 106.63102669 145.10752236  49.85664367  42.2927433 ]
2024-05-27 17:18:41,713 - pyswarms.single.global_best - INFO - Optimize for 1000 iters with {'c1': 0.5, 'c2': 0.3, 'w': 0.9}
2024-05-27 17:18:42,272 - pyswarms.single.global_best - INFO - Optimization finished | best cost: -0.0, best pos: [577.05974156 555.38741688 580.2433719  601.60359359 627.61207018
  52.10454513 117.33781212  76.30979778  82.48173703 119.64303229]
2024-05-27 17:19:54,345 - pyswarms.single.global_best - INFO - Optimize for 1000 iters with {'c1': 0.5, 'c2': 0.3, 'w': 0.9}
2024-05-27 17:19:54,963 - pyswarms.single.global_best - INFO - Optimization finished | best cost: -0.0, best pos: [582.59105087 637.32566024 590.78319517 616.93471804 513.98007451
  59.64143848 132.37369296 122.66929097  34.10894174 108.51184609]
2024-05-27 17:19:58,551 - pyswarms.single.global_best - INFO - Optimize for 1000 iters with {'c1': 0.5, 'c2': 0.3, 'w': 0.9}
2024-05-27 17:19:59,140 - pyswarms.single.global_best - INFO - Optimization finished | best cost: -0.0, best pos: [5.69170267e+02 5.84958930e+02 5.09288679e+02 6.45437362e+02
 5.24991232e+02 2.59887808e-01 2.61979918e+01 1.23817141e+02
 3.12010265e+00 7.27731081e+01]
2024-05-27 17:20:02,874 - pyswarms.single.global_best - INFO - Optimize for 1000 iters with {'c1': 0.5, 'c2': 0.3, 'w': 0.9}
2024-05-27 17:20:03,432 - pyswarms.single.global_best - INFO - Optimization finished | best cost: -0.0, best pos: [628.17721882 533.26987898 628.64811373 642.04625344 626.66592081
  48.92633265 136.76793299 103.23550536 149.81097528  21.44794698]
2024-05-27 17:20:10,040 - pyswarms.single.global_best - INFO - Optimize for 1000 iters with {'c1': 0.5, 'c2': 0.3, 'w': 0.9}
2024-05-27 17:20:10,679 - pyswarms.single.global_best - INFO - Optimization finished | best cost: -0.0, best pos: [6.20702803e+02 5.27922096e+02 6.26850342e+02 6.17377350e+02
 5.50503383e+02 1.64995495e-01 8.02801925e+01 1.00156071e+02
 1.49411484e+02 6.03456537e+01]
2024-05-27 17:20:31,734 - pyswarms.single.global_best - INFO - Optimize for 1000 iters with {'c1': 0.5, 'c2': 0.3, 'w': 0.9}
2024-05-27 17:20:32,365 - pyswarms.single.global_best - INFO - Optimization finished | best cost: -0.0, best pos: [616.1183377  518.98002495 630.73462041 549.18416036 590.81816026
 160.83941028  53.52007305  53.21450614  28.08372402  42.49010809]
2024-05-27 17:41:00,549 - pyswarms.single.global_best - INFO - Optimize for 1000 iters with {'c1': 0.5, 'c2': 0.3, 'w': 0.9}
2024-05-27 17:41:01,649 - pyswarms.single.global_best - INFO - Optimization finished | best cost: -0.0, best pos: [605.33456691 624.50644854 593.98916237 591.4515896  625.9709508
  60.53297263  25.3114063  120.00667778  26.98097552  91.31959186]
2024-05-27 22:53:49,551 - pyswarms.single.global_best - INFO - Optimize for 1000 iters with {'c1': 0.5, 'c2': 0.3, 'w': 0.9}
2024-05-27 22:53:50,204 - pyswarms.single.global_best - INFO - Optimization finished | best cost: -0.0, best pos: [530.02900702 533.9918183  530.19641941 553.80585242 530.99285211
 102.52703301 168.14399513  18.77442821 124.66020839 149.84274076]
2024-05-27 22:55:16,010 - pyswarms.single.global_best - INFO - Optimize for 1000 iters with {'c1': 0.5, 'c2': 0.3, 'w': 0.9}
2024-05-27 22:55:16,710 - pyswarms.single.global_best - INFO - Optimization finished | best cost: -0.0, best pos: [574.27193132 588.2523591  567.79122994 562.07346068 625.0722201
  94.09122458  16.60837913 149.48820674 104.81673162  56.74921795]
2024-05-27 22:55:28,068 - pyswarms.single.global_best - INFO - Optimize for 1000 iters with {'c1': 0.5, 'c2': 0.3, 'w': 0.9}
2024-05-27 22:55:28,753 - pyswarms.single.global_best - INFO - Optimization finished | best cost: -0.0, best pos: [615.78662103 588.06746978 508.81200667 624.15880511 565.91210662
 168.81287418  91.21190943  24.73276584 121.43493738  32.1797348 ]
2024-05-28 08:19:31,296 - pyswarms.single.global_best - INFO - Optimize for 1000 iters with {'c1': 0.5, 'c2': 0.3, 'w': 0.9}
2024-05-28 08:19:39,417 - pyswarms.single.global_best - INFO - Optimization finished | best cost: -0.0, best pos: [638.6650264  508.50628831 625.27170852 572.51288108 526.31554589
  18.88916149 126.33450148 115.11311622  53.13164982  83.99089342]
2024-05-28 08:21:47,656 - pyswarms.single.global_best - INFO - Optimize for 1000 iters with {'c1': 0.5, 'c2': 0.3, 'w': 0.9}
2024-05-28 08:21:55,063 - pyswarms.single.global_best - INFO - Optimization finished | best cost: -0.0, best pos: [556.39546919 524.51434151 587.40152806 630.00831475 621.61180108
 153.2053305  179.13148469 177.78826714  17.37673552  98.74991633]
2024-05-28 08:26:26,417 - pyswarms.single.global_best - INFO - Optimize for 1000 iters with {'c1': 0.5, 'c2': 0.3, 'w': 0.9}
2024-05-28 08:26:34,007 - pyswarms.single.global_best - INFO - Optimization finished | best cost: -0.0, best pos: [575.84299932 593.70712954  63.3667409   74.40996975]
2024-05-28 08:32:39,010 - pyswarms.single.global_best - INFO - Optimize for 1000 iters with {'c1': 0.5, 'c2': 0.3, 'w': 0.9}
2024-05-28 08:32:46,062 - pyswarms.single.global_best - INFO - Optimization finished | best cost: -0.0, best pos: [542.93744817 518.66137053  46.0062925  131.35029452]
2024-05-28 08:33:53,111 - pyswarms.single.global_best - INFO - Optimize for 1000 iters with {'c1': 0.5, 'c2': 0.3, 'w': 0.9}
2024-05-28 08:34:00,936 - pyswarms.single.global_best - INFO - Optimization finished | best cost: -0.0, best pos: [597.79871975 535.09320326  48.51583813 151.15056428]
2024-05-28 08:34:09,399 - pyswarms.single.global_best - INFO - Optimize for 1000 iters with {'c1': 0.5, 'c2': 0.3, 'w': 0.9}
2024-05-28 08:34:16,831 - pyswarms.single.global_best - INFO - Optimization finished | best cost: -0.0, best pos: [637.96517234 562.95548856 160.72721323 109.55896178]
2024-05-28 08:34:27,442 - pyswarms.single.global_best - INFO - Optimize for 1000 iters with {'c1': 0.5, 'c2': 0.3, 'w': 0.9}
2024-05-28 08:34:34,810 - pyswarms.single.global_best - INFO - Optimization finished | best cost: -0.0, best pos: [616.18149474 613.15092987 107.83214707 144.74686222]
2024-05-28 08:34:43,278 - pyswarms.single.global_best - INFO - Optimize for 1000 iters with {'c1': 0.5, 'c2': 0.3, 'w': 0.9}
2024-05-28 08:34:50,514 - pyswarms.single.global_best - INFO - Optimization finished | best cost: -0.0, best pos: [519.41177206 534.23991501 120.03795997  76.79272507]
2024-05-28 08:34:56,086 - pyswarms.single.global_best - INFO - Optimize for 1000 iters with {'c1': 0.5, 'c2': 0.3, 'w': 0.9}
2024-05-28 08:35:03,318 - pyswarms.single.global_best - INFO - Optimization finished | best cost: -0.0, best pos: [543.7083019  631.97248906  55.5978056  126.42757975]
2024-05-28 08:40:46,007 - pyswarms.single.global_best - INFO - Optimize for 1000 iters with {'c1': 0.5, 'c2': 0.3, 'w': 0.9}
2024-05-28 08:40:53,126 - pyswarms.single.global_best - INFO - Optimization finished | best cost: -0.0, best pos: [541.06549304 641.95252685 636.10286907 551.44057083 572.96319639
 550.63103802 549.28269171 600.11278     12.06666753 157.17012774
  91.07840861  96.73773134  35.36602354 157.82885822  12.67884268
 142.46780204 125.51573886  14.89794158]
2024-05-28 08:43:56,627 - pyswarms.single.global_best - INFO - Optimize for 1000 iters with {'c1': 0.5, 'c2': 0.3, 'w': 0.9}
2024-05-28 08:44:03,751 - pyswarms.single.global_best - INFO - Optimization finished | best cost: -0.0, best pos: [622.37370999 534.58980757 556.27515804 611.62390899 576.74910395
 594.68922025 519.36449371 520.4577905   83.72821503 169.04140025
  94.53438457 167.25691283  67.9293612  179.10012393 178.70455325
  36.15966183   7.58750672 106.65512307]
2024-05-28 08:47:20,255 - pyswarms.single.global_best - INFO - Optimize for 1000 iters with {'c1': 0.5, 'c2': 0.3, 'w': 0.9}
2024-05-28 08:47:45,012 - pyswarms.single.global_best - INFO - Optimize for 1000 iters with {'c1': 0.5, 'c2': 0.3, 'w': 0.9}
2024-05-28 08:47:52,333 - pyswarms.single.global_best - INFO - Optimization finished | best cost: -0.0, best pos: [533.93047054 575.26537959 527.19450032 590.04984547 523.54090813
 551.40146733 501.74709338 615.46776071 104.06468748  52.02792838
  92.47017342  91.86972892 128.62707358  82.4134327   67.12393164
  78.56524888  48.90563419  74.31481367]
